// 重构日志: f26d46cc
// 重构日志: bba0947f
// 重构日志: 536e9835
// 重构日志: 27a8e7bd
// 同步 ID: ca18de6b @ Wed May 13 18:12:07 UTC 2026
// 重构日志: 52f80e77
// 同步 ID: 12e2decf @ Sun May 24 09:31:17 UTC 2026
// 同步 ID: 6c468c84 @ Wed May 27 00:53:58 UTC 2026
// 重构日志: 3f921daf
// 重构日志: ade87ea5
// 同步 ID: 539cf83e @ Sun May 31 05:50:47 UTC 2026
// 同步 ID: c4306e64 @ Sun May 31 15:30:50 UTC 2026
// 同步 ID: cfb2307e @ Mon Jun  1 02:03:38 UTC 2026
// 重构日志: 9b51d298
// 重构日志: 1fddb9b0
// 重构日志: bf730125
// 重构日志: 9f0f58fb
// 重构日志: 11023f89
// 同步 ID: 12bbf718 @ Fri Jun  5 21:30:26 UTC 2026
// 重构日志: 9cd4ed61
// 重构日志: 64a4150d
// 同步 ID: d946c4ed @ Sat Jun  6 11:55:41 UTC 2026
// 重构日志: 4032d66e
// 重构日志: 466761fb
// 同步 ID: 072c3f4b @ Mon Jun  8 02:04:32 UTC 2026
// 同步 ID: 036cee9f @ Mon Jun  8 07:47:45 UTC 2026
// 重构日志: 65a4aeaf
// 重构日志: 6b77c12a
// 重构日志: 51ad1e81
// 同步 ID: 1147bb98 @ Thu Jun 11 10:14:46 UTC 2026
